This file contains any messages produced by compilers while
running configure, to aid debugging if configure makes a mistake.

It was created by configure, which was
generated by GNU Autoconf 2.63.  Invocation command line was

  $ ../configure --with-apr=/usr/include/apr-1/

## --------- ##
## Platform. ##
## --------- ##

hostname = lngmued000142
uname -m = i686
uname -r = 2.6.27.38-170.2.113.fc10.i686
uname -s = Linux
uname -v = #1 SMP Wed Nov 4 17:55:39 EST 2009

/usr/bin/uname -p = unknown
/bin/uname -X     = unknown

/bin/arch              = i686
/usr/bin/arch -k       = unknown
/usr/convex/getsysinfo = unknown
/usr/bin/hostinfo      = unknown
/bin/machine           = unknown
/usr/bin/oslevel       = unknown
/bin/universe          = unknown

PATH: /usr/lib/qt-3.3/bin
PATH: /usr/kerberos/bin
PATH: /usr/lib/ccache
PATH: /usr/local/bin
PATH: /usr/bin
PATH: /bin
PATH: /usr/games
PATH: /usr/local/sbin
PATH: /usr/sbin
PATH: /sbin
PATH: /opt/apache-maven-2.1.0/bin
PATH: /home/KirchgR/perlmod/instantclient_11_1
PATH: /home/KirchgR/bin
PATH: /opt/apache-maven-2.1.0/bin
PATH: /home/KirchgR/perlmod/instantclient_11_1


## ----------- ##
## Core tests. ##
## ----------- ##

configure:2083: checking for a BSD-compatible install
configure:2151: result: /usr/bin/install -c
configure:2162: checking whether build environment is sane
configure:2222: result: yes
configure:2363: checking for a thread-safe mkdir -p
configure:2402: result: /bin/mkdir -p
configure:2415: checking for gawk
configure:2431: found /usr/bin/gawk
configure:2442: result: gawk
configure:2453: checking whether make sets $(MAKE)
configure:2475: result: yes
configure:2562: checking for gawk
configure:2589: result: gawk
configure:2648: checking for gcc
configure:2664: found /usr/lib/ccache/gcc
configure:2675: result: gcc
configure:2907: checking for C compiler version
configure:2915: gcc --version >&5
gcc (GCC) 4.3.2 20081105 (Red Hat 4.3.2-7)
Copyright (C) 2008 Free Software Foundation, Inc.
This is free software; see the source for copying conditions.  There is NO
warranty; not even for MERCHANTABILITY or FITNESS FOR A PARTICULAR PURPOSE.

configure:2919: $? = 0
configure:2926: gcc -v >&5
Using built-in specs.
Target: i386-redhat-linux
Configured with: ../configure --prefix=/usr --mandir=/usr/share/man --infodir=/usr/share/info --with-bugurl=http://bugzilla.redhat.com/bugzilla --enable-bootstrap --enable-shared --enable-threads=posix --enable-checking=release --with-system-zlib --enable-__cxa_atexit --disable-libunwind-exceptions --enable-languages=c,c++,objc,obj-c++,java,fortran,ada --enable-java-awt=gtk --disable-dssi --enable-plugin --with-java-home=/usr/lib/jvm/java-1.5.0-gcj-1.5.0.0/jre --enable-libgcj-multifile --enable-java-maintainer-mode --with-ecj-jar=/usr/share/java/eclipse-ecj.jar --disable-libjava-multilib --with-cpu=generic --build=i386-redhat-linux
Thread model: posix
gcc version 4.3.2 20081105 (Red Hat 4.3.2-7) (GCC) 
configure:2930: $? = 0
configure:2937: gcc -V >&5
gcc: '-V' option must have argument
configure:2941: $? = 1
configure:2964: checking for C compiler default output file name
configure:2986: gcc    conftest.c  >&5
configure:2990: $? = 0
configure:3028: result: a.out
configure:3047: checking whether the C compiler works
configure:3057: ./a.out
configure:3061: $? = 0
configure:3080: result: yes
configure:3087: checking whether we are cross compiling
configure:3089: result: no
configure:3092: checking for suffix of executables
configure:3099: gcc -o conftest    conftest.c  >&5
configure:3103: $? = 0
configure:3129: result: 
configure:3135: checking for suffix of object files
configure:3161: gcc -c   conftest.c >&5
configure:3165: $? = 0
configure:3190: result: o
configure:3194: checking whether we are using the GNU C compiler
configure:3223: gcc -c   conftest.c >&5
configure:3230: $? = 0
configure:3247: result: yes
configure:3256: checking whether gcc accepts -g
configure:3286: gcc -c -g  conftest.c >&5
configure:3293: $? = 0
configure:3394: result: yes
configure:3411: checking for gcc option to accept ISO C89
configure:3485: gcc  -c -g -O2  conftest.c >&5
configure:3492: $? = 0
configure:3515: result: none needed
configure:3544: checking for style of include used by make
configure:3572: result: GNU
configure:3597: checking dependency style of gcc
configure:3707: result: gcc3
configure:3736: checking for a BSD-compatible install
configure:3804: result: /usr/bin/install -c
configure:3815: checking whether ln -s works
configure:3819: result: yes
configure:3904: checking build system type
configure:3922: result: i686-pc-linux-gnu
configure:3944: checking host system type
configure:3959: result: i686-pc-linux-gnu
configure:3981: checking for a sed that does not truncate output
configure:4037: result: /bin/sed
configure:4040: checking for grep that handles long lines and -e
configure:4100: result: /bin/grep
configure:4105: checking for egrep
configure:4169: result: /bin/grep -E
configure:4185: checking for ld used by gcc
configure:4252: result: /usr/bin/ld
configure:4261: checking if the linker (/usr/bin/ld) is GNU ld
configure:4276: result: yes
configure:4281: checking for /usr/bin/ld option to reload object files
configure:4288: result: -r
configure:4306: checking for BSD-compatible nm
configure:4355: result: /usr/bin/nm -B
configure:4359: checking how to recognize dependent libraries
configure:4545: result: pass_all
configure:4795: checking how to run the C preprocessor
configure:4835: gcc -E  conftest.c
configure:4842: $? = 0
configure:4873: gcc -E  conftest.c
conftest.c:10:28: error: ac_nonexistent.h: No such file or directory
configure:4880: $? = 1
configure: failed program was:
| /* confdefs.h.  */
| #define PACKAGE_NAME ""
| #define PACKAGE_TARNAME ""
| #define PACKAGE_VERSION ""
| #define PACKAGE_STRING ""
| #define PACKAGE_BUGREPORT ""
| #define PACKAGE "lucenelib"
| #define VERSION "0.1"
| /* end confdefs.h.  */
| #include <ac_nonexistent.h>
configure:4913: result: gcc -E
configure:4942: gcc -E  conftest.c
configure:4949: $? = 0
configure:4980: gcc -E  conftest.c
conftest.c:10:28: error: ac_nonexistent.h: No such file or directory
configure:4987: $? = 1
configure: failed program was:
| /* confdefs.h.  */
| #define PACKAGE_NAME ""
| #define PACKAGE_TARNAME ""
| #define PACKAGE_VERSION ""
| #define PACKAGE_STRING ""
| #define PACKAGE_BUGREPORT ""
| #define PACKAGE "lucenelib"
| #define VERSION "0.1"
| /* end confdefs.h.  */
| #include <ac_nonexistent.h>
configure:5027: checking for ANSI C header files
configure:5057: gcc -c -g -O2  conftest.c >&5
configure:5064: $? = 0
configure:5163: gcc -o conftest -g -O2   conftest.c  >&5
configure:5167: $? = 0
configure:5173: ./conftest
configure:5177: $? = 0
configure:5195: result: yes
configure:5219: checking for sys/types.h
configure:5240: gcc -c -g -O2  conftest.c >&5
configure:5247: $? = 0
configure:5264: result: yes
configure:5219: checking for sys/stat.h
configure:5240: gcc -c -g -O2  conftest.c >&5
configure:5247: $? = 0
configure:5264: result: yes
configure:5219: checking for stdlib.h
configure:5240: gcc -c -g -O2  conftest.c >&5
configure:5247: $? = 0
configure:5264: result: yes
configure:5219: checking for string.h
configure:5240: gcc -c -g -O2  conftest.c >&5
configure:5247: $? = 0
configure:5264: result: yes
configure:5219: checking for memory.h
configure:5240: gcc -c -g -O2  conftest.c >&5
configure:5247: $? = 0
configure:5264: result: yes
configure:5219: checking for strings.h
configure:5240: gcc -c -g -O2  conftest.c >&5
configure:5247: $? = 0
configure:5264: result: yes
configure:5219: checking for inttypes.h
configure:5240: gcc -c -g -O2  conftest.c >&5
configure:5247: $? = 0
configure:5264: result: yes
configure:5219: checking for stdint.h
configure:5240: gcc -c -g -O2  conftest.c >&5
configure:5247: $? = 0
configure:5264: result: yes
configure:5219: checking for unistd.h
configure:5240: gcc -c -g -O2  conftest.c >&5
configure:5247: $? = 0
configure:5264: result: yes
configure:5294: checking dlfcn.h usability
configure:5311: gcc -c -g -O2  conftest.c >&5
configure:5318: $? = 0
configure:5332: result: yes
configure:5336: checking dlfcn.h presence
configure:5351: gcc -E  conftest.c
configure:5358: $? = 0
configure:5372: result: yes
configure:5400: checking for dlfcn.h
configure:5409: result: yes
configure:5482: checking for g++
configure:5498: found /usr/lib/ccache/g++
configure:5509: result: g++
configure:5536: checking for C++ compiler version
configure:5544: g++ --version >&5
g++ (GCC) 4.3.2 20081105 (Red Hat 4.3.2-7)
Copyright (C) 2008 Free Software Foundation, Inc.
This is free software; see the source for copying conditions.  There is NO
warranty; not even for MERCHANTABILITY or FITNESS FOR A PARTICULAR PURPOSE.

configure:5548: $? = 0
configure:5555: g++ -v >&5
Using built-in specs.
Target: i386-redhat-linux
Configured with: ../configure --prefix=/usr --mandir=/usr/share/man --infodir=/usr/share/info --with-bugurl=http://bugzilla.redhat.com/bugzilla --enable-bootstrap --enable-shared --enable-threads=posix --enable-checking=release --with-system-zlib --enable-__cxa_atexit --disable-libunwind-exceptions --enable-languages=c,c++,objc,obj-c++,java,fortran,ada --enable-java-awt=gtk --disable-dssi --enable-plugin --with-java-home=/usr/lib/jvm/java-1.5.0-gcj-1.5.0.0/jre --enable-libgcj-multifile --enable-java-maintainer-mode --with-ecj-jar=/usr/share/java/eclipse-ecj.jar --disable-libjava-multilib --with-cpu=generic --build=i386-redhat-linux
Thread model: posix
gcc version 4.3.2 20081105 (Red Hat 4.3.2-7) (GCC) 
configure:5559: $? = 0
configure:5566: g++ -V >&5
g++: '-V' option must have argument
configure:5570: $? = 1
configure:5573: checking whether we are using the GNU C++ compiler
configure:5602: g++ -c   conftest.cpp >&5
configure:5609: $? = 0
configure:5626: result: yes
configure:5635: checking whether g++ accepts -g
configure:5665: g++ -c -g  conftest.cpp >&5
configure:5672: $? = 0
configure:5773: result: yes
configure:5798: checking dependency style of g++
configure:5908: result: gcc3
configure:5933: checking how to run the C++ preprocessor
configure:5969: g++ -E  conftest.cpp
configure:5976: $? = 0
configure:6007: g++ -E  conftest.cpp
conftest.cpp:21:28: error: ac_nonexistent.h: No such file or directory
configure:6014: $? = 1
configure: failed program was:
| /* confdefs.h.  */
| #define PACKAGE_NAME ""
| #define PACKAGE_TARNAME ""
| #define PACKAGE_VERSION ""
| #define PACKAGE_STRING ""
| #define PACKAGE_BUGREPORT ""
| #define PACKAGE "lucenelib"
| #define VERSION "0.1"
| #define STDC_HEADERS 1
| #define HAVE_SYS_TYPES_H 1
| #define HAVE_SYS_STAT_H 1
| #define HAVE_STDLIB_H 1
| #define HAVE_STRING_H 1
| #define HAVE_MEMORY_H 1
| #define HAVE_STRINGS_H 1
| #define HAVE_INTTYPES_H 1
| #define HAVE_STDINT_H 1
| #define HAVE_UNISTD_H 1
| #define HAVE_DLFCN_H 1
| /* end confdefs.h.  */
| #include <ac_nonexistent.h>
configure:6047: result: g++ -E
configure:6076: g++ -E  conftest.cpp
configure:6083: $? = 0
configure:6114: g++ -E  conftest.cpp
conftest.cpp:21:28: error: ac_nonexistent.h: No such file or directory
configure:6121: $? = 1
configure: failed program was:
| /* confdefs.h.  */
| #define PACKAGE_NAME ""
| #define PACKAGE_TARNAME ""
| #define PACKAGE_VERSION ""
| #define PACKAGE_STRING ""
| #define PACKAGE_BUGREPORT ""
| #define PACKAGE "lucenelib"
| #define VERSION "0.1"
| #define STDC_HEADERS 1
| #define HAVE_SYS_TYPES_H 1
| #define HAVE_SYS_STAT_H 1
| #define HAVE_STDLIB_H 1
| #define HAVE_STRING_H 1
| #define HAVE_MEMORY_H 1
| #define HAVE_STRINGS_H 1
| #define HAVE_INTTYPES_H 1
| #define HAVE_STDINT_H 1
| #define HAVE_UNISTD_H 1
| #define HAVE_DLFCN_H 1
| /* end confdefs.h.  */
| #include <ac_nonexistent.h>
configure:6216: checking for g77
configure:6232: found /usr/bin/g77
configure:6243: result: g77
configure:6269: checking for Fortran 77 compiler version
configure:6277: g77 --version >&5
GNU Fortran (GCC) 3.4.6 20060404 (Red Hat 3.4.6-9)
Copyright (C) 2006 Free Software Foundation, Inc.

GNU Fortran comes with NO WARRANTY, to the extent permitted by law.
You may redistribute copies of GNU Fortran
under the terms of the GNU General Public License.
For more information about these matters, see the file named COPYING
or type the command `info -f g77 Copying'.
configure:6281: $? = 0
configure:6288: g77 -v >&5
Reading specs from /usr/lib/gcc/i386-redhat-linux/3.4.6/specs
Configured with: ../configure --prefix=/usr --mandir=/usr/share/man --infodir=/usr/share/info --enable-shared --enable-threads=posix --disable-checking --with-system-zlib --enable-__cxa_atexit --disable-libunwind-exceptions --enable-languages=c,c++,f77 --disable-libgcj --host=i386-redhat-linux
Thread model: posix
gcc version 3.4.6 20060404 (Red Hat 3.4.6-9)
configure:6292: $? = 0
configure:6299: g77 -V >&5
g77: `-V' option must have argument
configure:6303: $? = 1
configure:6311: checking whether we are using the GNU Fortran 77 compiler
configure:6330: g77 -c  conftest.F >&5
configure:6337: $? = 0
configure:6354: result: yes
configure:6360: checking whether g77 accepts -g
configure:6377: g77 -c -g conftest.f >&5
configure:6384: $? = 0
configure:6400: result: yes
configure:6433: checking the maximum length of command line arguments
configure:6545: result: 1966080
configure:6557: checking command to parse /usr/bin/nm -B output from gcc object
configure:6662: gcc -c -g -O2  conftest.c >&5
configure:6665: $? = 0
configure:6669: /usr/bin/nm -B conftest.o \| sed -n -e 's/^.*[ 	]\([ABCDGIRSTW][ABCDGIRSTW]*\)[ 	][ 	]*\([_A-Za-z][_A-Za-z0-9]*\)$/\1 \2 \2/p' \> conftest.nm
configure:6672: $? = 0
configure:6724: gcc -o conftest -g -O2   conftest.c conftstm.o >&5
configure:6727: $? = 0
configure:6765: result: ok
configure:6769: checking for objdir
configure:6784: result: .libs
configure:6876: checking for ar
configure:6892: found /usr/bin/ar
configure:6903: result: ar
configure:6968: checking for ranlib
configure:6984: found /usr/bin/ranlib
configure:6995: result: ranlib
configure:7060: checking for strip
configure:7076: found /usr/bin/strip
configure:7087: result: strip
configure:7677: checking if gcc supports -fno-rtti -fno-exceptions
configure:7695: gcc -c -g -O2  -fno-rtti -fno-exceptions conftest.c >&5
cc1: warning: command line option "-fno-rtti" is valid for C++/ObjC++ but not for C
cc1: warning: command line option "-fno-rtti" is valid for C++/ObjC++ but not for C
configure:7699: $? = 0
configure:7712: result: no
configure:7727: checking for gcc option to produce PIC
configure:7959: result: -fPIC
configure:7967: checking if gcc PIC flag -fPIC works
configure:7985: gcc -c -g -O2  -fPIC -DPIC conftest.c >&5
configure:7989: $? = 0
configure:8002: result: yes
configure:8030: checking if gcc static flag -static works
configure:8058: result: yes
configure:8068: checking if gcc supports -c -o file.o
configure:8089: gcc -c -g -O2  -o out/conftest2.o conftest.c >&5
configure:8093: $? = 0
configure:8115: result: yes
configure:8141: checking whether the gcc linker (/usr/bin/ld) supports shared libraries
configure:9129: result: yes
configure:9150: checking whether -lc should be explicitly linked in
configure:9155: gcc -c -g -O2  conftest.c >&5
configure:9158: $? = 0
configure:9173: gcc -shared conftest.o  -v -Wl,-soname -Wl,conftest -o conftest 2\>\&1 \| grep  -lc  \>/dev/null 2\>\&1
configure:9176: $? = 0
configure:9188: result: no
configure:9196: checking dynamic linker characteristics
configure:9800: result: GNU/Linux ld.so
configure:9824: checking how to hardcode library paths into programs
configure:9849: result: immediate
configure:9863: checking whether stripping libraries is possible
configure:9868: result: yes
configure:10698: checking if libtool supports shared libraries
configure:10700: result: yes
configure:10703: checking whether to build shared libraries
configure:10724: result: yes
configure:10727: checking whether to build static libraries
configure:10731: result: yes
configure:10825: creating libtool
configure:11418: checking for ld used by g++
configure:11485: result: /usr/bin/ld
configure:11494: checking if the linker (/usr/bin/ld) is GNU ld
configure:11509: result: yes
configure:11560: checking whether the g++ linker (/usr/bin/ld) supports shared libraries
configure:12514: result: yes
configure:12531: g++ -c -g -O2  conftest.cpp >&5
configure:12534: $? = 0
configure:12690: checking for g++ option to produce PIC
configure:12974: result: -fPIC
configure:12982: checking if g++ PIC flag -fPIC works
configure:13000: g++ -c -g -O2  -fPIC -DPIC conftest.cpp >&5
configure:13004: $? = 0
configure:13017: result: yes
configure:13045: checking if g++ static flag -static works
configure:13073: result: yes
configure:13083: checking if g++ supports -c -o file.o
configure:13104: g++ -c -g -O2  -o out/conftest2.o conftest.cpp >&5
configure:13108: $? = 0
configure:13130: result: yes
configure:13156: checking whether the g++ linker (/usr/bin/ld) supports shared libraries
configure:13182: result: yes
configure:13249: checking dynamic linker characteristics
configure:13801: result: GNU/Linux ld.so
configure:13825: checking how to hardcode library paths into programs
configure:13850: result: immediate
configure:14389: checking if libtool supports shared libraries
configure:14391: result: yes
configure:14394: checking whether to build shared libraries
configure:14414: result: yes
configure:14417: checking whether to build static libraries
configure:14421: result: yes
configure:14431: checking for g77 option to produce PIC
configure:14663: result: -fPIC
configure:14671: checking if g77 PIC flag -fPIC works
configure:14689: g77 -c -g -O2 -fPIC conftest.f >&5
configure:14693: $? = 0
configure:14706: result: yes
configure:14734: checking if g77 static flag -static works
configure:14762: result: yes
configure:14772: checking if g77 supports -c -o file.o
configure:14793: g77 -c -g -O2 -o out/conftest2.o conftest.f >&5
configure:14797: $? = 0
configure:14819: result: yes
configure:14845: checking whether the g77 linker (/usr/bin/ld) supports shared libraries
configure:15813: result: yes
configure:15880: checking dynamic linker characteristics
configure:16432: result: GNU/Linux ld.so
configure:16456: checking how to hardcode library paths into programs
configure:16481: result: immediate
configure:20093: checking for sqrt in -lm
configure:20128: gcc -o conftest -g -O2   conftest.c -lm   >&5
conftest.c:28: warning: conflicting types for built-in function 'sqrt'
configure:20135: $? = 0
configure:20156: result: yes
configure:20168: checking for BZ2_bzBuffToBuffCompress in -lbz2
configure:20203: gcc -o conftest -g -O2   conftest.c -lbz2  -lm  >&5
configure:20210: $? = 0
configure:20231: result: yes
configure:20243: checking for apr_file_close in -lapr-1
configure:20278: gcc -o conftest -g -O2   conftest.c -lapr-1  -lbz2 -lm  >&5
configure:20285: $? = 0
configure:20306: result: yes
configure:20351: checking errno.h usability
configure:20368: gcc -c -g -O2 -I/usr/include/apr-1/  -I/usr/include/apr-1/ conftest.c >&5
configure:20375: $? = 0
configure:20389: result: yes
configure:20393: checking errno.h presence
configure:20408: gcc -E  -I/usr/include/apr-1/ conftest.c
configure:20415: $? = 0
configure:20429: result: yes
configure:20457: checking for errno.h
configure:20466: result: yes
configure:20340: checking for strings.h
configure:20347: result: yes
configure:20340: checking for unistd.h
configure:20347: result: yes
configure:20482: checking for an ANSI C-conforming const
configure:20557: gcc -c -g -O2 -I/usr/include/apr-1/  -I/usr/include/apr-1/ conftest.c >&5
configure:20564: $? = 0
configure:20579: result: yes
configure:20589: checking for size_t
configure:20617: gcc -c -g -O2 -I/usr/include/apr-1/  -I/usr/include/apr-1/ conftest.c >&5
configure:20624: $? = 0
configure:20651: gcc -c -g -O2 -I/usr/include/apr-1/  -I/usr/include/apr-1/ conftest.c >&5
conftest.c: In function 'main':
conftest.c:63: error: expected expression before ')' token
configure:20658: $? = 1
configure: failed program was:
| /* confdefs.h.  */
| #define PACKAGE_NAME ""
| #define PACKAGE_TARNAME ""
| #define PACKAGE_VERSION ""
| #define PACKAGE_STRING ""
| #define PACKAGE_BUGREPORT ""
| #define PACKAGE "lucenelib"
| #define VERSION "0.1"
| #define STDC_HEADERS 1
| #define HAVE_SYS_TYPES_H 1
| #define HAVE_SYS_STAT_H 1
| #define HAVE_STDLIB_H 1
| #define HAVE_STRING_H 1
| #define HAVE_MEMORY_H 1
| #define HAVE_STRINGS_H 1
| #define HAVE_INTTYPES_H 1
| #define HAVE_STDINT_H 1
| #define HAVE_UNISTD_H 1
| #define HAVE_DLFCN_H 1
| #define HAVE_LIBM 1
| #define HAVE_LIBBZ2 1
| #define HAVE_LIBAPR_1 1
| #define HAVE_ERRNO_H 1
| #define HAVE_STRINGS_H 1
| #define HAVE_UNISTD_H 1
| /* end confdefs.h.  */
| #include <stdio.h>
| #ifdef HAVE_SYS_TYPES_H
| # include <sys/types.h>
| #endif
| #ifdef HAVE_SYS_STAT_H
| # include <sys/stat.h>
| #endif
| #ifdef STDC_HEADERS
| # include <stdlib.h>
| # include <stddef.h>
| #else
| # ifdef HAVE_STDLIB_H
| #  include <stdlib.h>
| # endif
| #endif
| #ifdef HAVE_STRING_H
| # if !defined STDC_HEADERS && defined HAVE_MEMORY_H
| #  include <memory.h>
| # endif
| # include <string.h>
| #endif
| #ifdef HAVE_STRINGS_H
| # include <strings.h>
| #endif
| #ifdef HAVE_INTTYPES_H
| # include <inttypes.h>
| #endif
| #ifdef HAVE_STDINT_H
| # include <stdint.h>
| #endif
| #ifdef HAVE_UNISTD_H
| # include <unistd.h>
| #endif
| int
| main ()
| {
| if (sizeof ((size_t)))
| 	  return 0;
|   ;
|   return 0;
| }
configure:20681: result: yes
configure:20694: checking whether lstat dereferences a symlink specified with a trailing slash
configure:20730: gcc -o conftest -g -O2 -I/usr/include/apr-1/  -I/usr/include/apr-1/  conftest.c -lapr-1 -lbz2 -lm  >&5
configure:20734: $? = 0
configure:20740: ./conftest
configure:20744: $? = 0
configure:20768: result: yes
configure:20787: checking whether lstat accepts an empty string
configure:20817: gcc -o conftest -g -O2 -I/usr/include/apr-1/  -I/usr/include/apr-1/  conftest.c -lapr-1 -lbz2 -lm  >&5
configure:20821: $? = 0
configure:20827: ./conftest
configure:20831: $? = 0
configure:20848: result: no
configure:20869: checking for stdlib.h
configure:20876: result: yes
configure:21010: checking for GNU libc compatible malloc
configure:21044: gcc -o conftest -g -O2 -I/usr/include/apr-1/  -I/usr/include/apr-1/  conftest.c -lapr-1 -lbz2 -lm  >&5
configure:21048: $? = 0
configure:21054: ./conftest
configure:21058: $? = 0
configure:21075: result: yes
configure:21108: checking for sqrt
configure:21164: gcc -o conftest -g -O2 -I/usr/include/apr-1/  -I/usr/include/apr-1/  conftest.c -lapr-1 -lbz2 -lm  >&5
conftest.c:53: warning: conflicting types for built-in function 'sqrt'
configure:21171: $? = 0
configure:21193: result: yes
configure:21108: checking for log
configure:21164: gcc -o conftest -g -O2 -I/usr/include/apr-1/  -I/usr/include/apr-1/  conftest.c -lapr-1 -lbz2 -lm  >&5
conftest.c:54: warning: conflicting types for built-in function 'log'
configure:21171: $? = 0
configure:21193: result: yes
configure:21339: creating ./config.status

## ---------------------- ##
## Running config.status. ##
## ---------------------- ##

This file was extended by config.status, which was
generated by GNU Autoconf 2.63.  Invocation command line was

  CONFIG_FILES    = 
  CONFIG_HEADERS  = 
  CONFIG_LINKS    = 
  CONFIG_COMMANDS = 
  $ ./config.status 

on lngmued000142

config.status:813: creating Makefile
config.status:813: creating lucene/Makefile
config.status:813: creating examples/Makefile
config.status:813: creating test/Makefile
config.status:813: creating include/Makefile
config.status:813: creating config.h
config.status:1080: executing depfiles commands

## ---------------- ##
## Cache variables. ##
## ---------------- ##

ac_cv_build=i686-pc-linux-gnu
ac_cv_c_compiler_gnu=yes
ac_cv_c_const=yes
ac_cv_cxx_compiler_gnu=yes
ac_cv_env_CCC_set=
ac_cv_env_CCC_value=
ac_cv_env_CC_set=
ac_cv_env_CC_value=
ac_cv_env_CFLAGS_set=
ac_cv_env_CFLAGS_value=
ac_cv_env_CPPFLAGS_set=
ac_cv_env_CPPFLAGS_value=
ac_cv_env_CPP_set=
ac_cv_env_CPP_value=
ac_cv_env_CXXCPP_set=
ac_cv_env_CXXCPP_value=
ac_cv_env_CXXFLAGS_set=
ac_cv_env_CXXFLAGS_value=
ac_cv_env_CXX_set=
ac_cv_env_CXX_value=
ac_cv_env_F77_set=
ac_cv_env_F77_value=
ac_cv_env_FFLAGS_set=
ac_cv_env_FFLAGS_value=
ac_cv_env_LDFLAGS_set=
ac_cv_env_LDFLAGS_value=
ac_cv_env_LIBS_set=
ac_cv_env_LIBS_value=
ac_cv_env_build_alias_set=
ac_cv_env_build_alias_value=
ac_cv_env_host_alias_set=
ac_cv_env_host_alias_value=
ac_cv_env_target_alias_set=
ac_cv_env_target_alias_value=
ac_cv_f77_compiler_gnu=yes
ac_cv_func_log=yes
ac_cv_func_lstat_dereferences_slashed_symlink=yes
ac_cv_func_lstat_empty_string_bug=no
ac_cv_func_malloc_0_nonnull=yes
ac_cv_func_sqrt=yes
ac_cv_header_dlfcn_h=yes
ac_cv_header_errno_h=yes
ac_cv_header_inttypes_h=yes
ac_cv_header_memory_h=yes
ac_cv_header_stdc=yes
ac_cv_header_stdint_h=yes
ac_cv_header_stdlib_h=yes
ac_cv_header_string_h=yes
ac_cv_header_strings_h=yes
ac_cv_header_sys_stat_h=yes
ac_cv_header_sys_types_h=yes
ac_cv_header_unistd_h=yes
ac_cv_host=i686-pc-linux-gnu
ac_cv_lib_apr_1_apr_file_close=yes
ac_cv_lib_bz2_BZ2_bzBuffToBuffCompress=yes
ac_cv_lib_m_sqrt=yes
ac_cv_objext=o
ac_cv_path_EGREP='/bin/grep -E'
ac_cv_path_GREP=/bin/grep
ac_cv_path_install='/usr/bin/install -c'
ac_cv_path_mkdir=/bin/mkdir
ac_cv_prog_AWK=gawk
ac_cv_prog_CPP='gcc -E'
ac_cv_prog_CXXCPP='g++ -E'
ac_cv_prog_ac_ct_AR=ar
ac_cv_prog_ac_ct_CC=gcc
ac_cv_prog_ac_ct_CXX=g++
ac_cv_prog_ac_ct_F77=g77
ac_cv_prog_ac_ct_RANLIB=ranlib
ac_cv_prog_ac_ct_STRIP=strip
ac_cv_prog_cc_c89=
ac_cv_prog_cc_g=yes
ac_cv_prog_cxx_g=yes
ac_cv_prog_f77_g=yes
ac_cv_prog_make_make_set=yes
ac_cv_type_size_t=yes
am_cv_CC_dependencies_compiler_type=gcc3
am_cv_CXX_dependencies_compiler_type=gcc3
lt_cv_deplibs_check_method=pass_all
lt_cv_file_magic_cmd='$MAGIC_CMD'
lt_cv_file_magic_test_file=
lt_cv_ld_reload_flag=-r
lt_cv_objdir=.libs
lt_cv_path_LD=/usr/bin/ld
lt_cv_path_LDCXX=/usr/bin/ld
lt_cv_path_NM='/usr/bin/nm -B'
lt_cv_path_SED=/bin/sed
lt_cv_prog_compiler_c_o=yes
lt_cv_prog_compiler_c_o_CXX=yes
lt_cv_prog_compiler_c_o_F77=yes
lt_cv_prog_compiler_pic_works=yes
lt_cv_prog_compiler_pic_works_CXX=yes
lt_cv_prog_compiler_pic_works_F77=yes
lt_cv_prog_compiler_rtti_exceptions=no
lt_cv_prog_compiler_static_works=yes
lt_cv_prog_compiler_static_works_CXX=yes
lt_cv_prog_compiler_static_works_F77=yes
lt_cv_prog_gnu_ld=yes
lt_cv_prog_gnu_ldcxx=yes
lt_cv_sys_global_symbol_pipe='sed -n -e '\''s/^.*[ 	]\([ABCDGIRSTW][ABCDGIRSTW]*\)[ 	][ 	]*\([_A-Za-z][_A-Za-z0-9]*\)$/\1 \2 \2/p'\'''
lt_cv_sys_global_symbol_to_c_name_address='sed -n -e '\''s/^: \([^ ]*\) $/  {\"\1\", (lt_ptr) 0},/p'\'' -e '\''s/^[BCDEGRST] \([^ ]*\) \([^ ]*\)$/  {"\2", (lt_ptr) \&\2},/p'\'''
lt_cv_sys_global_symbol_to_cdecl='sed -n -e '\''s/^. .* \(.*\)$/extern int \1;/p'\'''
lt_cv_sys_lib_dlsearch_path_spec='/usr/lib /lib /usr/local/lib /usr/lib/mysql /usr/lib/qt-3.3/lib /usr/lib/tcl8.5 /usr/lib/wine/ /usr/lib/xulrunner-1.9 '
lt_cv_sys_lib_search_path_spec='/usr/lib /lib /usr/local/lib'
lt_cv_sys_max_cmd_len=1966080
lt_lt_cv_prog_compiler_c_o='"yes"'
lt_lt_cv_prog_compiler_c_o_CXX='"yes"'
lt_lt_cv_prog_compiler_c_o_F77='"yes"'
lt_lt_cv_sys_global_symbol_pipe='"sed -n -e '\''s/^.*[ 	]\\([ABCDGIRSTW][ABCDGIRSTW]*\\)[ 	][ 	]*\\([_A-Za-z][_A-Za-z0-9]*\\)\$/\\1 \\2 \\2/p'\''"'
lt_lt_cv_sys_global_symbol_to_c_name_address='"sed -n -e '\''s/^: \\([^ ]*\\) \$/  {\\\"\\1\\\", (lt_ptr) 0},/p'\'' -e '\''s/^[BCDEGRST] \\([^ ]*\\) \\([^ ]*\\)\$/  {\"\\2\", (lt_ptr) \\&\\2},/p'\''"'
lt_lt_cv_sys_global_symbol_to_cdecl='"sed -n -e '\''s/^. .* \\(.*\\)\$/extern int \\1;/p'\''"'

## ----------------- ##
## Output variables. ##
## ----------------- ##

ACLOCAL='${SHELL} /home/KirchgR/git/Lucino/config/missing --run aclocal-1.11'
AMDEPBACKSLASH='\'
AMDEP_FALSE='#'
AMDEP_TRUE=''
AMTAR='${SHELL} /home/KirchgR/git/Lucino/config/missing --run tar'
AR='ar'
AUTOCONF='${SHELL} /home/KirchgR/git/Lucino/config/missing --run autoconf'
AUTOHEADER='${SHELL} /home/KirchgR/git/Lucino/config/missing --run autoheader'
AUTOMAKE='${SHELL} /home/KirchgR/git/Lucino/config/missing --run automake-1.11'
AWK='gawk'
CC='gcc'
CCDEPMODE='depmode=gcc3'
CFLAGS='-g -O2 -I/usr/include/apr-1/'
CPP='gcc -E'
CPPFLAGS=' -I/usr/include/apr-1/'
CXX='g++'
CXXCPP='g++ -E'
CXXDEPMODE='depmode=gcc3'
CXXFLAGS='-g -O2'
CYGPATH_W='echo'
DEFS='-DHAVE_CONFIG_H'
DEPDIR='.deps'
DSYMUTIL=''
ECHO='echo'
ECHO_C=''
ECHO_N='-n'
ECHO_T=''
EGREP='/bin/grep -E'
EXEEXT=''
F77='g77'
FFLAGS='-g -O2'
GREP='/bin/grep'
INSTALL_DATA='${INSTALL} -m 644'
INSTALL_PROGRAM='${INSTALL}'
INSTALL_SCRIPT='${INSTALL}'
INSTALL_STRIP_PROGRAM='$(install_sh) -c -s'
LDFLAGS=''
LIBOBJS=''
LIBS='-lapr-1 -lbz2 -lm '
LIBTOOL='$(SHELL) $(top_builddir)/libtool'
LN_S='ln -s'
LTLIBOBJS=''
MAKEINFO='${SHELL} /home/KirchgR/git/Lucino/config/missing --run makeinfo'
MKDIR_P='/bin/mkdir -p'
NMEDIT=''
OBJEXT='o'
PACKAGE='lucenelib'
PACKAGE_BUGREPORT=''
PACKAGE_NAME=''
PACKAGE_STRING=''
PACKAGE_TARNAME=''
PACKAGE_VERSION=''
PATH_SEPARATOR=':'
RANLIB='ranlib'
SED='/bin/sed'
SET_MAKE=''
SHELL='/bin/sh'
STRIP='strip'
VERSION='0.1'
ac_ct_CC='gcc'
ac_ct_CXX='g++'
ac_ct_F77='g77'
am__EXEEXT_FALSE=''
am__EXEEXT_TRUE='#'
am__fastdepCC_FALSE='#'
am__fastdepCC_TRUE=''
am__fastdepCXX_FALSE='#'
am__fastdepCXX_TRUE=''
am__include='include'
am__isrc=' -I$(srcdir)'
am__leading_dot='.'
am__quote=''
am__tar='${AMTAR} chof - "$$tardir"'
am__untar='${AMTAR} xf -'
bindir='${exec_prefix}/bin'
build='i686-pc-linux-gnu'
build_alias=''
build_cpu='i686'
build_os='linux-gnu'
build_vendor='pc'
datadir='${datarootdir}'
datarootdir='${prefix}/share'
docdir='${datarootdir}/doc/${PACKAGE}'
dvidir='${docdir}'
exec_prefix='${prefix}'
host='i686-pc-linux-gnu'
host_alias=''
host_cpu='i686'
host_os='linux-gnu'
host_vendor='pc'
htmldir='${docdir}'
includedir='${prefix}/include'
infodir='${datarootdir}/info'
install_sh='${SHELL} /home/KirchgR/git/Lucino/config/install-sh'
libdir='${exec_prefix}/lib'
libexecdir='${exec_prefix}/libexec'
localedir='${datarootdir}/locale'
localstatedir='${prefix}/var'
mandir='${datarootdir}/man'
mkdir_p='/bin/mkdir -p'
oldincludedir='/usr/include'
pdfdir='${docdir}'
prefix='/usr/local'
program_transform_name='s,x,x,'
psdir='${docdir}'
sbindir='${exec_prefix}/sbin'
sharedstatedir='${prefix}/com'
sysconfdir='${prefix}/etc'
target_alias=''

## ----------- ##
## confdefs.h. ##
## ----------- ##

#define PACKAGE_NAME ""
#define PACKAGE_TARNAME ""
#define PACKAGE_VERSION ""
#define PACKAGE_STRING ""
#define PACKAGE_BUGREPORT ""
#define PACKAGE "lucenelib"
#define VERSION "0.1"
#define STDC_HEADERS 1
#define HAVE_SYS_TYPES_H 1
#define HAVE_SYS_STAT_H 1
#define HAVE_STDLIB_H 1
#define HAVE_STRING_H 1
#define HAVE_MEMORY_H 1
#define HAVE_STRINGS_H 1
#define HAVE_INTTYPES_H 1
#define HAVE_STDINT_H 1
#define HAVE_UNISTD_H 1
#define HAVE_DLFCN_H 1
#define HAVE_LIBM 1
#define HAVE_LIBBZ2 1
#define HAVE_LIBAPR_1 1
#define HAVE_ERRNO_H 1
#define HAVE_STRINGS_H 1
#define HAVE_UNISTD_H 1
#define LSTAT_FOLLOWS_SLASHED_SYMLINK 1
#define HAVE_STDLIB_H 1
#define HAVE_MALLOC 1
#define HAVE_SQRT 1
#define HAVE_LOG 1

configure: exit 0
